<?xml version="1.0" encoding="UTF-8"?>
<!-- Generated by org.testng.reporters.JUnitReportReporter -->
<testsuite hostname="Tannaz" failures="0" tests="1" name="test_package.test_class" time="12.777" errors="0" timestamp="2023-09-09T02:21:33 EDT" skipped="0">
  <testcase classname="test_package.test_class" name="feature" time="12.777"/>
</testsuite> <!-- test_package.test_class -->
